#
# There is insufficient memory for the Java Runtime Environment to continue.
# Native memory allocation (malloc) failed to allocate 111536 bytes for Chunk::new
# Possible reasons:
#   The system is out of physical RAM or swap space
#   In 32 bit mode, the process size limit was hit
# Possible solutions:
#   Reduce memory load on the system
#   Increase physical memory or swap space
#   Check if swap backing store is full
#   Use 64 bit Java on a 64 bit OS
#   Decrease Java heap size (-Xmx/-Xms)
#   Decrease number of Java threads
#   Decrease Java thread stack sizes (-Xss)
#   Set larger code cache with -XX:ReservedCodeCacheSize=
# This output file may be truncated or incomplete.
#
#  Out of Memory Error (allocation.cpp:390), pid=12924, tid=0x0000000000002aec
#
# JRE version: OpenJDK Runtime Environment (8.0_76-b03) (build 1.8.0_76-release-b03)
# Java VM: OpenJDK 64-Bit Server VM (25.76-b03 mixed mode windows-amd64 compressed oops)
# Failed to write core dump. Minidumps are not enabled by default on client versions of Windows
#

---------------  T H R E A D  ---------------

Current thread (0x0000000017727800):  JavaThread "C2 CompilerThread0" daemon [_thread_in_native, id=10988, stack(0x0000000019030000,0x0000000019130000)]

Stack: [0x0000000019030000,0x0000000019130000]
[error occurred during error reporting (printing stack bounds), id 0xc0000005]

Native frames: (J=compiled Java code, j=interpreted, Vv=VM code, C=native code)


Current CompileTask:
C2:    343   61 % !   4       java.io.BufferedReader::readLine @ 131 (304 bytes)


---------------  P R O C E S S  ---------------

Java Threads: ( => current thread )
  0x0000000018b67800 JavaThread "Monitor Ctrl-Break" daemon [_thread_in_native, id=344, stack(0x0000000019530000,0x0000000019630000)]
  0x0000000018aad800 JavaThread "Service Thread" daemon [_thread_blocked, id=7076, stack(0x0000000019330000,0x0000000019430000)]
  0x000000001772e800 JavaThread "C1 CompilerThread2" daemon [_thread_blocked, id=13252, stack(0x0000000019230000,0x0000000019330000)]
  0x000000001772b000 JavaThread "C2 CompilerThread1" daemon [_thread_blocked, id=1924, stack(0x0000000019130000,0x0000000019230000)]
=>0x0000000017727800 JavaThread "C2 CompilerThread0" daemon [_thread_in_native, id=10988, stack(0x0000000019030000,0x0000000019130000)]
  0x0000000018a38800 JavaThread "Attach Listener" daemon [_thread_blocked, id=3200, stack(0x0000000018f30000,0x0000000019030000)]
  0x00000000176c5800 JavaThread "Signal Dispatcher" daemon [_thread_blocked, id=9728, stack(0x0000000018e30000,0x0000000018f30000)]
  0x00000000176b7000 JavaThread "Finalizer" daemon [_thread_blocked, id=348, stack(0x0000000018930000,0x0000000018a30000)]
  0x0000000002b81000 JavaThread "Reference Handler" daemon [_thread_blocked, id=12980, stack(0x0000000018830000,0x0000000018930000)]
  0x0000000002a90800 JavaThread "main" [_thread_in_native, id=12368, stack(0x0000000002990000,0x0000000002a90000)]

Other Threads:
  0x0000000017695800 VMThread [stack: 0x0000000018730000,0x0000000018830000] [id=5048]
  0x0000000018a6a000 WatcherThread [stack: 0x0000000019430000,0x0000000019530000] [id=8216]

VM state:not at safepoint (normal execution)

VM Mutex/Monitor currently owned by a thread: None

Heap:
 PSYoungGen      total 38400K, used 2662K [0x00000000d5e00000, 0x00000000d8880000, 0x0000000100000000)
  eden space 33280K, 8% used [0x00000000d5e00000,0x00000000d60999d8,0x00000000d7e80000)
  from space 5120K, 0% used [0x00000000d8380000,0x00000000d8380000,0x00000000d8880000)
  to   space 5120K, 0% used [0x00000000d7e80000,0x00000000d7e80000,0x00000000d8380000)
 ParOldGen       total 87552K, used 0K [0x0000000081a00000, 0x0000000086f80000, 0x00000000d5e00000)
  object space 87552K, 0% used [0x0000000081a00000,0x0000000081a00000,0x0000000086f80000)
 Metaspace       used 3243K, capacity 4564K, committed 4864K, reserved 1056768K
  class space    used 342K, capacity 388K, committed 512K, reserved 1048576K

Card table byte_map: [0x0000000011f50000,0x0000000012350000] byte_map_base: 0x0000000011b43000

Marking Bits: (ParMarkBitMap*) 0x00000000597f9d00
 Begin Bits: [0x0000000012a00000, 0x0000000014998000)
 End Bits:   [0x0000000014998000, 0x0000000016930000)

Polling page: 0x0000000000900000

CodeCache: size=245760Kb used=1159Kb max_used=1172Kb free=244600Kb
 bounds [0x0000000002b90000, 0x0000000002e00000, 0x0000000011b90000]
 total_blobs=307 nmethods=60 adapters=161
 compilation: enabled

Compilation events (10 events):
Event: 0.289 Thread 0x000000001772e800 nmethod 56 0x0000000002cade10 code [0x0000000002cadf80, 0x0000000002cae208]
Event: 0.289 Thread 0x000000001772e800   57       3       java.lang.String::toString (2 bytes)
Event: 0.290 Thread 0x000000001772e800 nmethod 57 0x0000000002cadb10 code [0x0000000002cadc60, 0x0000000002caddb0]
Event: 0.297 Thread 0x000000001772e800   58       3       java.lang.String::contains (20 bytes)
Event: 0.298 Thread 0x000000001772e800 nmethod 58 0x0000000002cad2d0 code [0x0000000002cad460, 0x0000000002cad8f8]
Event: 0.302 Thread 0x000000001772e800   59       1       java.nio.Buffer::limit (5 bytes)
Event: 0.302 Thread 0x000000001772e800 nmethod 59 0x0000000002cad010 code [0x0000000002cad160, 0x0000000002cad270]
Event: 0.308 Thread 0x000000001772b000   60       4       java.lang.String::indexOf (166 bytes)
Event: 0.312 Thread 0x000000001772b000 nmethod 60 0x0000000002cb5390 code [0x0000000002cb54e0, 0x0000000002cb5998]
Event: 0.336 Thread 0x0000000017727800   61 % !   4       java.io.BufferedReader::readLine @ 131 (304 bytes)

GC Heap History (0 events):
No events

Deoptimization events (0 events):
No events

Internal exceptions (8 events):
Event: 0.025 Thread 0x0000000002a90800 Exception <a 'java/lang/NoSuchMethodError': Method sun.misc.Unsafe.defineClass(Ljava/lang/String;[BII)Ljava/lang/Class; name or signature does not match> (0x00000000d5e07cc0) thrown at [C:\src\android\AOSP-openjdk\external\jetbrains\jdk\hotspot\src\share\vèÉ@Œ+™?
Event: 0.025 Thread 0x0000000002a90800 Exception <a 'java/lang/NoSuchMethodError': Method sun.misc.Unsafe.prefetchRead(Ljava/lang/Object;J)V name or signature does not match> (0x00000000d5e07fa8) thrown at [C:\src\android\AOSP-openjdk\external\jetbrains\jdk\hotspot\src\share\vm\prims\jni.cpp, l-lE¥Žè´?
Event: 0.082 Thread 0x0000000002a90800 Exception <a 'java/security/PrivilegedActionException'> (0x00000000d5ecb670) thrown at [C:\src\android\AOSP-openjdk\external\jetbrains\jdk\hotspot\src\share\vm\prims\jvm.cpp, line 1386]
Event: 0.082 Thread 0x0000000002a90800 Exception <a 'java/security/PrivilegedActionException'> (0x00000000d5ecb880) thrown at [C:\src\android\AOSP-openjdk\external\jetbrains\jdk\hotspot\src\share\vm\prims\jvm.cpp, line 1386]
Event: 0.082 Thread 0x0000000002a90800 Exception <a 'java/security/PrivilegedActionException'> (0x00000000d5ecc6b0) thrown at [C:\src\android\AOSP-openjdk\external\jetbrains\jdk\hotspot\src\share\vm\prims\jvm.cpp, line 1386]
Event: 0.082 Thread 0x0000000002a90800 Exception <a 'java/security/PrivilegedActionException'> (0x00000000d5ecc8c0) thrown at [C:\src\android\AOSP-openjdk\external\jetbrains\jdk\hotspot\src\share\vm\prims\jvm.cpp, line 1386]
Event: 0.082 Thread 0x0000000002a90800 Exception <a 'java/security/PrivilegedActionException'> (0x00000000d5ecd898) thrown at [C:\src\android\AOSP-openjdk\external\jetbrains\jdk\hotspot\src\share\vm\prims\jvm.cpp, line 1386]
Event: 0.082 Thread 0x0000000002a90800 Exception <a 'java/security/PrivilegedActionException'> (0x00000000d5ecdaa8) thrown at [C:\src\android\AOSP-openjdk\external\jetbrains\jdk\hotspot\src\share\vm\prims\jvm.cpp, line 1386]

Events (10 events):
Event: 0.131 loading class java/util/regex/Pattern$SliceNode done
Event: 0.131 loading class java/util/regex/Pattern$Slice done
Event: 0.131 loading class java/util/regex/Pattern$BnM
Event: 0.131 loading class java/util/regex/Pattern$BnM done
Event: 0.131 loading class java/util/regex/Pattern$SliceS
Event: 0.131 loading class java/util/regex/Pattern$SliceS done
Event: 0.131 loading class java/util/regex/Matcher
Event: 0.131 loading class java/util/regex/MatchResult
Event: 0.131 loading class java/util/regex/MatchResult done
Event: 0.131 loading class java/util/regex/Matcher done


Dynamic libraries:
0x00007ff7c49d0000 - 0x00007ff7c4a01000 	D:\developer\ASLOCATION\jre\bin\java.exe
0x00007ff942f90000 - 0x00007ff943161000 	C:\Windows\SYSTEM32\ntdll.dll
0x00007ff942b70000 - 0x00007ff942c1c000 	C:\Windows\System32\KERNEL32.DLL
0x00007ff940290000 - 0x00007ff9404ad000 	C:\Windows\System32\KERNELBASE.dll
0x00007ff941dd0000 - 0x00007ff941e72000 	C:\Windows\System32\ADVAPI32.dll
0x00007ff940580000 - 0x00007ff94061e000 	C:\Windows\System32\msvcrt.dll
0x00007ff941d70000 - 0x00007ff941dc9000 	C:\Windows\System32\sechost.dll
0x00007ff942c20000 - 0x00007ff942d41000 	C:\Windows\System32\RPCRT4.dll
0x00007ff940690000 - 0x00007ff9407f5000 	C:\Windows\System32\USER32.dll
0x00007ff93f490000 - 0x00007ff93f4ae000 	C:\Windows\System32\win32u.dll
0x00007ff941d30000 - 0x00007ff941d64000 	C:\Windows\System32\GDI32.dll
0x00007ff9400c0000 - 0x00007ff940240000 	C:\Windows\System32\gdi32full.dll
0x00007ff934dc0000 - 0x00007ff93503a000 	C:\Windows\WinSxS\amd64_microsoft.windows.common-controls_6595b64144ccf1df_6.0.14393.953_none_42151e83c686086b\COMCTL32.dll
0x00007ff9423f0000 - 0x00007ff9426b8000 	C:\Windows\System32\combase.dll
0x00007ff93ff10000 - 0x00007ff940005000 	C:\Windows\System32\ucrtbase.dll
0x00007ff9404b0000 - 0x00007ff94051a000 	C:\Windows\System32\bcryptPrimitives.dll
0x00007ff942f60000 - 0x00007ff942f8e000 	C:\Windows\System32\IMM32.DLL
0x0000000058f00000 - 0x0000000058fd2000 	D:\developer\ASLOCATION\jre\jre\bin\msvcr100.dll
0x0000000059040000 - 0x0000000059874000 	D:\developer\ASLOCATION\jre\jre\bin\server\jvm.dll
0x00007ff940620000 - 0x00007ff940628000 	C:\Windows\System32\PSAPI.DLL
0x00007ff93d850000 - 0x00007ff93d873000 	C:\Windows\SYSTEM32\WINMM.dll
0x00007ff92ac10000 - 0x00007ff92ac19000 	C:\Windows\SYSTEM32\WSOCK32.dll
0x00007ff942af0000 - 0x00007ff942b5a000 	C:\Windows\System32\WS2_32.dll
0x00007ff93d710000 - 0x00007ff93d73b000 	C:\Windows\SYSTEM32\WINMMBASE.dll
0x00007ff940240000 - 0x00007ff940282000 	C:\Windows\System32\cfgmgr32.dll
0x00007ff93c840000 - 0x00007ff93c84a000 	C:\Windows\SYSTEM32\VERSION.dll
0x00007ff937520000 - 0x00007ff93752f000 	D:\developer\ASLOCATION\jre\jre\bin\verify.dll
0x00007ff934d90000 - 0x00007ff934db9000 	D:\developer\ASLOCATION\jre\jre\bin\java.dll
0x00007ff934530000 - 0x00007ff934546000 	D:\developer\ASLOCATION\jre\jre\bin\zip.dll
0x00007ff940820000 - 0x00007ff941d28000 	C:\Windows\System32\SHELL32.dll
0x00007ff93f830000 - 0x00007ff93ff0a000 	C:\Windows\System32\windows.storage.dll
0x00007ff93f440000 - 0x00007ff93f48c000 	C:\Windows\System32\powrprof.dll
0x00007ff941e80000 - 0x00007ff941ed2000 	C:\Windows\System32\shlwapi.dll
0x00007ff93f410000 - 0x00007ff93f41f000 	C:\Windows\System32\kernel.appcore.dll
0x00007ff940010000 - 0x00007ff9400b9000 	C:\Windows\System32\shcore.dll
0x00007ff93f420000 - 0x00007ff93f434000 	C:\Windows\System32\profapi.dll
0x00007ff92f300000 - 0x00007ff92f30f000 	D:\developer\ASLOCATION\bin\breakgen64.dll
0x00007ff935500000 - 0x00007ff93551a000 	D:\developer\ASLOCATION\jre\jre\bin\net.dll
0x00007ff93eca0000 - 0x00007ff93ecfc000 	C:\Windows\system32\mswsock.dll

VM Arguments:
jvm_args: -Didea.launcher.port=7558 -Didea.launcher.bin.path=D:\developer\ASLOCATION\bin -Dfile.encoding=UTF-8 
java_command: com.intellij.rt.execution.application.AppMain com.example.MonkeyRunnerUtil
java_class_path (initial): D:\developer\ASLOCATION\jre\jre\lib\charsets.jar;D:\developer\ASLOCATION\jre\jre\lib\ext\access-bridge-64.jar;D:\developer\ASLOCATION\jre\jre\lib\ext\cldrdata.jar;D:\developer\ASLOCATION\jre\jre\lib\ext\dnsns.jar;D:\developer\ASLOCATION\jre\jre\lib\ext\jaccess.jar;D:\developer\ASLOCATION\jre\jre\lib\ext\localedata.jar;D:\developer\ASLOCATION\jre\jre\lib\ext\nashorn.jar;D:\developer\ASLOCATION\jre\jre\lib\ext\sunec.jar;D:\developer\ASLOCATION\jre\jre\lib\ext\sunjce_provider.jar;D:\developer\ASLOCATION\jre\jre\lib\ext\sunmscapi.jar;D:\developer\ASLOCATION\jre\jre\lib\ext\sunpkcs11.jar;D:\developer\ASLOCATION\jre\jre\lib\ext\zipfs.jar;D:\developer\ASLOCATION\jre\jre\lib\jce.jar;D:\developer\ASLOCATION\jre\jre\lib\jsse.jar;D:\developer\ASLOCATION\jre\jre\lib\management-agent.jar;D:\developer\ASLOCATION\jre\jre\lib\resources.jar;D:\developer\ASLOCATION\jre\jre\lib\rt.jar;D:\study\DataBinding2\CmdTest\cmdlib\build\classes\main;D:\study\DataBinding2\CmdTest\cmdlib\libs\chimpchat.jar;D:\study\DataBinding2\CmdTest\cmdlib\libs\ddmlib.jar;D:\study\DataBinding2\CmdTest\cmdlib\libs\guavalib.jar;D:\study\DataBinding2\CmdTest\cmdlib\libs\monkeyrunner.jar;D:\study\DataBinding2\CmdTest\cmdlib\libs\sdklib.jar;D:\developer\ASLOCATION\lib\idea_rt.jar
Launcher Type: SUN_STANDARD

Environment Variables:
JAVA_HOME=D:\developer\JDKLOCATION
CLASSPATH=.;D:\developer\JDKLOCATION\lib;D:\developer\JDKLOCATION\lib\tools.jar
PATH=C:\ProgramData\Oracle\Java\javapath;C:\Windows\system32;C:\Windows;C:\Windows\System32\Wbem;C:\Windows\System32\WindowsPowerShell\v1.0\;C:\Program Files (x86)\NVIDIA Corporation\PhysX\Common;C:\Program Files (x86)\Common Files\microsoft shared\TigerKin;D:\developer\JDKLOCATION\bin;D:\°æ±¾¿ØÖÆ¹¤¾ß\Git\cmd;D:\¹¤¾ß\graphviz-2.38\release\bin;D:\developer\python\python;D:\developer\sdk\tools;D:\developer\sdk\platform-tools;C:\Users\admin\AppData\Local\Microsoft\WindowsApps;
USERNAME=admin
OS=Windows_NT
PROCESSOR_IDENTIFIER=Intel64 Family 6 Model 158 Stepping 9, GenuineIntel



---------------  S Y S T E M  ---------------

OS: Windows 10.0 , 64 bit Build 14393 (10.0.14393.1198)

CPU:total 4 (4 cores per cpu, 1 threads per core) family 6 model 158 stepping 9, cmov, cx8, fxsr, mmx, sse, sse2, sse3, ssse3, sse4.1, sse4.2, popcnt, avx, avx2, aes, clmul, erms, rtm, 3dnowpref, lzcnt, tsc, tscinvbit, bmi1, bmi2, adx

Memory: 4k page, physical 8278160k(2254808k free), swap 14831884k(584k free)

vm_info: OpenJDK 64-Bit Server VM (25.76-b03) for windows-amd64 JRE (1.8.0_76-release-b03), built on Jun 29 2016 19:09:20 by "ralucas" with MS VC++ 10.0 (VS2010)

time: Wed Aug 02 18:40:29 2017
elapsed time: 0 seconds (0d 0h 0m 0s)

